<?xml version="1.0" encoding="UTF-8"?>
<!-- Generated by org.testng.reporters.JUnitXMLReporter -->
<testsuite ignored="0" hostname="DESKTOP-NNGQNDK" failures="0" tests="8" name="Default test" time="40.766" errors="0" timestamp="2022-12-26T16:31:58 IST">
  <testcase classname="com.sgtesting.testngselenium.CreateUserScenarioDemo" name="launchBrowser" time="6.769"/>
  <testcase classname="com.sgtesting.testngselenium.CreateUserScenarioDemo" name="navigate" time="5.648"/>
  <testcase classname="com.sgtesting.testngselenium.CreateUserScenarioDemo" name="login" time="5.236"/>
  <testcase classname="com.sgtesting.testngselenium.CreateUserScenarioDemo" name="minimizeFlyOutWindow" time="2.064"/>
  <testcase classname="com.sgtesting.testngselenium.CreateUserScenarioDemo" name="createUser" time="10.166"/>
  <testcase classname="com.sgtesting.testngselenium.CreateUserScenarioDemo" name="deleteUser" time="8.291"/>
  <testcase classname="com.sgtesting.testngselenium.CreateUserScenarioDemo" name="logout" time="2.26"/>
  <testcase classname="com.sgtesting.testngselenium.CreateUserScenarioDemo" name="closeApp" time="0.259"/>
</testsuite> <!-- Default test -->
