<?xml version="1.0" encoding="UTF-8"?>
<testng-results skipped="0" failed="0" ignored="0" total="2" passed="2">
  <reporter-output>
  </reporter-output>
  <suite name="testcases" duration-ms="54" started-at="2023-01-09T15:35:35 IST" finished-at="2023-01-09T15:35:35 IST">
    <groups>
    </groups>
    <test name="testing" duration-ms="54" started-at="2023-01-09T15:35:35 IST" finished-at="2023-01-09T15:35:35 IST">
      <class name="com.sgtesting.tests.testcases.TestingTestCases">
        <test-method status="PASS" signature="testcase1()[pri:0, instance:com.sgtesting.tests.testcases.TestingTestCases@7c29daf3]" name="testcase1" duration-ms="9" started-at="2023-01-09T15:35:35 IST" finished-at="2023-01-09T15:35:35 IST">
          <reporter-output>
          </reporter-output>
        </test-method> <!-- testcase1 -->
        <test-method status="PASS" signature="testcase2()[pri:0, instance:com.sgtesting.tests.testcases.TestingTestCases@7c29daf3]" name="testcase2" duration-ms="1" started-at="2023-01-09T15:35:35 IST" finished-at="2023-01-09T15:35:35 IST">
          <reporter-output>
          </reporter-output>
        </test-method> <!-- testcase2 -->
      </class> <!-- com.sgtesting.tests.testcases.TestingTestCases -->
    </test> <!-- testing -->
  </suite> <!-- testcases -->
</testng-results>
