<?xml version="1.0" encoding="UTF-8"?>
<testng-results ignored="0" total="8" passed="8" failed="0" skipped="0">
  <reporter-output>
  </reporter-output>
  <suite started-at="2022-12-26T16:31:18 IST" name="Default suite" finished-at="2022-12-26T16:31:58 IST" duration-ms="40766">
    <groups>
    </groups>
    <test started-at="2022-12-26T16:31:18 IST" name="Default test" finished-at="2022-12-26T16:31:58 IST" duration-ms="40766">
      <class name="com.sgtesting.testngselenium.CreateUserScenarioDemo">
        <test-method signature="launchBrowser()[pri:1, instance:com.sgtesting.testngselenium.CreateUserScenarioDemo@1b1426f4]" started-at="2022-12-26T16:31:18 IST" name="launchBrowser" finished-at="2022-12-26T16:31:24 IST" duration-ms="6769" status="PASS">
          <reporter-output>
          </reporter-output>
        </test-method> <!-- launchBrowser -->
        <test-method signature="navigate()[pri:2, instance:com.sgtesting.testngselenium.CreateUserScenarioDemo@1b1426f4]" started-at="2022-12-26T16:31:24 IST" name="navigate" finished-at="2022-12-26T16:31:30 IST" duration-ms="5648" status="PASS">
          <reporter-output>
          </reporter-output>
        </test-method> <!-- navigate -->
        <test-method signature="login()[pri:3, instance:com.sgtesting.testngselenium.CreateUserScenarioDemo@1b1426f4]" started-at="2022-12-26T16:31:30 IST" name="login" finished-at="2022-12-26T16:31:35 IST" duration-ms="5236" status="PASS">
          <reporter-output>
          </reporter-output>
        </test-method> <!-- login -->
        <test-method signature="minimizeFlyOutWindow()[pri:4, instance:com.sgtesting.testngselenium.CreateUserScenarioDemo@1b1426f4]" started-at="2022-12-26T16:31:35 IST" name="minimizeFlyOutWindow" finished-at="2022-12-26T16:31:37 IST" duration-ms="2064" status="PASS">
          <reporter-output>
          </reporter-output>
        </test-method> <!-- minimizeFlyOutWindow -->
        <test-method signature="createUser()[pri:5, instance:com.sgtesting.testngselenium.CreateUserScenarioDemo@1b1426f4]" started-at="2022-12-26T16:31:37 IST" name="createUser" finished-at="2022-12-26T16:31:48 IST" duration-ms="10166" status="PASS">
          <reporter-output>
          </reporter-output>
        </test-method> <!-- createUser -->
        <test-method signature="deleteUser()[pri:6, instance:com.sgtesting.testngselenium.CreateUserScenarioDemo@1b1426f4]" started-at="2022-12-26T16:31:48 IST" name="deleteUser" finished-at="2022-12-26T16:31:56 IST" duration-ms="8291" status="PASS">
          <reporter-output>
          </reporter-output>
        </test-method> <!-- deleteUser -->
        <test-method signature="logout()[pri:7, instance:com.sgtesting.testngselenium.CreateUserScenarioDemo@1b1426f4]" started-at="2022-12-26T16:31:56 IST" name="logout" finished-at="2022-12-26T16:31:58 IST" duration-ms="2260" status="PASS">
          <reporter-output>
          </reporter-output>
        </test-method> <!-- logout -->
        <test-method signature="closeApp()[pri:8, instance:com.sgtesting.testngselenium.CreateUserScenarioDemo@1b1426f4]" started-at="2022-12-26T16:31:58 IST" name="closeApp" finished-at="2022-12-26T16:31:58 IST" duration-ms="259" status="PASS">
          <reporter-output>
          </reporter-output>
        </test-method> <!-- closeApp -->
      </class> <!-- com.sgtesting.testngselenium.CreateUserScenarioDemo -->
    </test> <!-- Default test -->
  </suite> <!-- Default suite -->
</testng-results>
